[2025-03-02 15:26:01] [ERROR] SQLSTATE[HY000] [1049] Unknown database 'nattitickets' {"query":"","params":[],"error_code":""}
[2025-03-02 15:26:01] [ERROR] Database factory error: Failed to connect to the database: SQLSTATE[HY000] [1049] Unknown database 'nattitickets'
[2025-03-02 15:26:01] [ERROR] Database initialization error: Failed to create database instance
[2025-03-04 18:07:31] [ERROR] SQLSTATE[HY000]: General error: 1 no such table: users {"query":"","params":[],"error_code":""}
[2025-03-12 21:25:44] [ERROR] SQLSTATE[HY000] [1049] Unknown database 'nattitickets' {"query":"","params":[],"error_code":""}
[2025-03-12 21:25:44] [ERROR] Database factory error: Failed to connect to the database: SQLSTATE[HY000] [1049] Unknown database 'nattitickets'
[2025-03-12 21:25:44] [ERROR] Database initialization error: Failed to create database instance
[2025-03-12 21:36:12] [ERROR] SQLSTATE[HY000] [1049] Unknown database 'nattitickets' {"query":"","params":[],"error_code":""}
[2025-03-12 21:36:12] [ERROR] Database factory error: Failed to connect to the database: SQLSTATE[HY000] [1049] Unknown database 'nattitickets'
[2025-03-12 21:36:12] [ERROR] Database initialization error: Failed to create database instance
[2025-03-12 21:39:19] [ERROR] SQLSTATE[HY000] [1049] Unknown database 'nattitickets' {"query":"","params":[],"error_code":""}
[2025-03-12 21:39:19] [ERROR] Database factory error: Failed to connect to the database: SQLSTATE[HY000] [1049] Unknown database 'nattitickets'
[2025-03-12 21:39:19] [ERROR] Database initialization error: Failed to create database instance
[2025-03-12 21:43:46] [ERROR] SQLSTATE[HY000] [1045] Access denied for user 'root'@'localhost' (using password: YES) {"query":"","params":[],"error_code":""}
[2025-03-12 21:43:46] [ERROR] Database factory error: Failed to connect to the database: SQLSTATE[HY000] [1045] Access denied for user 'root'@'localhost' (using password: YES)
[2025-03-12 21:43:46] [ERROR] Database initialization error: Failed to create database instance
[2025-03-12 21:46:39] [ERROR] SQLSTATE[HY000] [1049] Unknown database 'nattitickets' {"query":"","params":[],"error_code":""}
[2025-03-12 21:46:39] [ERROR] Database factory error: Failed to connect to the database: SQLSTATE[HY000] [1049] Unknown database 'nattitickets'
[2025-03-12 21:46:39] [ERROR] Database initialization error: Failed to create database instance
[2025-03-12 21:56:28] [ERROR] SQLSTATE[HY000] [1049] Unknown database 'nattitickets' {"query":"","params":[],"error_code":""}
[2025-03-12 21:56:28] [ERROR] Database factory error: Failed to connect to the database: SQLSTATE[HY000] [1049] Unknown database 'nattitickets'
[2025-03-12 21:56:28] [ERROR] Database initialization error: Failed to create database instance
[2025-03-12 21:57:43] [ERROR] SQLSTATE[HY000] [1049] Unknown database 'nattitickets' {"query":"","params":[],"error_code":""}
[2025-03-12 21:57:43] [ERROR] Database factory error: Failed to connect to the database: SQLSTATE[HY000] [1049] Unknown database 'nattitickets'
[2025-03-12 21:57:43] [ERROR] Database initialization error: Failed to create database instance
[2025-03-12 22:10:29] [ERROR] SQLSTATE[HY000] [1049] Unknown database 'nattitickets' {"query":"","params":[],"error_code":""}
[2025-03-12 22:10:29] [ERROR] Database factory error: Failed to connect to the database: SQLSTATE[HY000] [1049] Unknown database 'nattitickets'
[2025-03-12 22:10:29] [ERROR] Database initialization error: Failed to create database instance
[2025-03-12 22:14:50] [ERROR] SQLSTATE[HY000] [1049] Unknown database 'nattitickets' {"query":"","params":[],"error_code":""}
[2025-03-12 22:14:50] [ERROR] Database factory error: Failed to connect to the database: SQLSTATE[HY000] [1049] Unknown database 'nattitickets'
[2025-03-12 22:14:50] [ERROR] Database initialization error: Failed to create database instance
[2025-03-12 22:15:40] [ERROR] SQLSTATE[HY000] [1049] Unknown database 'nattitickets' {"query":"","params":[],"error_code":""}
[2025-03-12 22:15:40] [ERROR] Database factory error: Failed to connect to the database: SQLSTATE[HY000] [1049] Unknown database 'nattitickets'
[2025-03-12 22:15:40] [ERROR] Database initialization error: Failed to create database instance
[2025-03-12 22:19:14] [ERROR] SQLSTATE[HY000] [1049] Unknown database 'nattitickets' {"query":"","params":[],"error_code":""}
[2025-03-12 22:19:14] [ERROR] Database factory error: Failed to connect to the database: SQLSTATE[HY000] [1049] Unknown database 'nattitickets'
[2025-03-12 22:19:14] [ERROR] Database initialization error: Failed to create database instance
